
bb_init()
    conn:
    proto_major = 7
    proto_minor = 23
    async_read = 1
    max_write = 131072
    max_readahead = 131072
    capable = 00000ffb
    want = 00000010
    max_background = 0
    congestion_threshold = 0
    context:
    fuse = 01db0560
    uid = 0
    gid = 0
    pid = 0
    private_data = 01daf010
    logfile = 01db0040
    rootdir = /home/dibyendu/Desktop/Sem 6/CS 333/Lab 11/fuse-tutorial-2016-03-25/example/rootdir
    umask = 00000

bb_access(path="/", mask=04)

bb_opendir(path="/", fi=0xf7373c80)
    bb_fullpath:  rootdir = "/home/dibyendu/Desktop/Sem 6/CS 333/Lab 11/fuse-tutorial-2016-03-25/example/rootdir", path = "/", fpath = "/home/dibyendu/Desktop/Sem 6/CS 333/Lab 11/fuse-tutorial-2016-03-25/example/rootdir/"
    bb_fullpath:  rootdir = "/home/dibyendu/Desktop/Sem 6/CS 333/Lab 11/fuse-tutorial-2016-03-25/example/rootdir", path = "/", fpath = "/home/dibyendu/Desktop/Sem 6/CS 333/Lab 11/fuse-tutorial-2016-03-25/example/rootdir/"
    opendir returned 0x0x7ff3f0000da0
    fi:
    flags = 0x00018800
    fh_old = 0x00000000
    writepage = 0
    direct_io = 0
    keep_cache = 0

bb_getattr(path="/.xdg-volume-info", statbuf=0xf6371c90)
    bb_fullpath:  rootdir = "/home/dibyendu/Desktop/Sem 6/CS 333/Lab 11/fuse-tutorial-2016-03-25/example/rootdir", path = "/.xdg-volume-info", fpath = "/home/dibyendu/Desktop/Sem 6/CS 333/Lab 11/fuse-tutorial-2016-03-25/example/rootdir/.xdg-volume-info"
    fh = 0x00007ff3f0000da0
    lock_owner = 0x0000000000000000
    lstat returned -1
    ERROR lstat: No such file or directory
    si:
    st_dev = 0
    st_ino = 0
    st_mode = 00
    st_nlink = 0
    st_uid = 0
    st_gid = 0
    st_rdev = 0
    st_size = 0
    st_blksize = 0
    st_blocks = 0
    st_atime = 0x00000000
    st_mtime = 0x00000000
    st_ctime = 0x00000000

bb_getattr(path="/autorun.inf", statbuf=0xf5b70c90)
    bb_fullpath:  rootdir = "/home/dibyendu/Desktop/Sem 6/CS 333/Lab 11/fuse-tutorial-2016-03-25/example/rootdir", path = "/autorun.inf", fpath = "/home/dibyendu/Desktop/Sem 6/CS 333/Lab 11/fuse-tutorial-2016-03-25/example/rootdir/autorun.inf"
    lstat returned -1
    ERROR lstat: No such file or directory
    si:
    st_dev = 0
    st_ino = 0
    st_mode = 00
    st_nlink = 0
    st_uid = 0
    st_gid = 0
    st_rdev = 0
    st_size = 0
    st_blksize = 0
    st_blocks = 0
    st_atime = 0x00000000
    st_mtime = 0x00000000
    st_ctime = 0x00000000

bb_getattr(path="/.Trash", statbuf=0xf6b72c90)
    bb_fullpath:  rootdir = "/home/dibyendu/Desktop/Sem 6/CS 333/Lab 11/fuse-tutorial-2016-03-25/example/rootdir", path = "/.Trash", fpath = "/home/dibyendu/Desktop/Sem 6/CS 333/Lab 11/fuse-tutorial-2016-03-25/example/rootdir/.Trash"
    lstat returned -1
    ERROR lstat: No such file or directory
    si:
    st_dev = 0
    st_ino = 0
    st_mode = 00
    st_nlink = 0
    st_uid = 0
    st_gid = 0
    st_rdev = 0
    st_size = 0
    st_blksize = 0
    st_blocks = 0
    st_atime = 0x00000000
    st_mtime = 0x00000000
    st_ctime = 0x00000000

bb_readdir(path="/", buf=0xf0000c10, filler=0xf7f4e470, offset=0, fi=0xf7373c80)
    readdir returned 0x0x7ff3f0000dd0
calling filler with name .
calling filler with name ..
    fi:
    flags = 0x00000000
    fh_old = 0x7ff3f0000da0
    writepage = 0
    direct_io = 0
    keep_cache = 0
    fh = 0x00007ff3f0000da0
    lock_owner = 0x0000000000000000

bb_getattr(path="/.Trash-1000", statbuf=0xf5b70c90)
    bb_fullpath:  rootdir = "/home/dibyendu/Desktop/Sem 6/CS 333/Lab 11/fuse-tutorial-2016-03-25/example/rootdir", path = "/.Trash-1000", fpath = "/home/dibyendu/Desktop/Sem 6/CS 333/Lab 11/fuse-tutorial-2016-03-25/example/rootdir/.Trash-1000"
    lstat returned -1
    ERROR lstat: No such file or directory
    si:
    st_dev = 0
    st_ino = 0
    st_mode = 00
    st_nlink = 0
    st_uid = 0
    st_gid = 0
    st_rdev = 0
    st_size = 0
    st_blksize = 0
    st_blocks = 0
    st_atime = 0x00000000
    st_mtime = 0x00000000
    st_ctime = 0x00000000

bb_opendir(path="/", fi=0xf5b70c80)
    bb_fullpath:  rootdir = "/home/dibyendu/Desktop/Sem 6/CS 333/Lab 11/fuse-tutorial-2016-03-25/example/rootdir", path = "/", fpath = "/home/dibyendu/Desktop/Sem 6/CS 333/Lab 11/fuse-tutorial-2016-03-25/example/rootdir/"

bb_releasedir(path="/", fi=0xf6b72c90)
    fi:
    flags = 0x00000000
    fh_old = 0x7ff3f0000da0
    writepage = 0
    direct_io = 0
    keep_cache = 0
    fh = 0x00007ff3f0000da0
    lock_owner = 0x0000000000000000
    opendir returned 0x0x7ff3e0000b20
    fi:
    flags = 0x00018800
    fh_old = 0x00000000
    writepage = 0
    direct_io = 0
    keep_cache = 0
    fh = 0x00007ff3e0000b20
    lock_owner = 0x0000000000000000

bb_readdir(path="/", buf=0xe0000990, filler=0xf7f4e470, offset=0, fi=0xf7373c80)
    readdir returned 0x0x7ff3e0000b50
calling filler with name .
calling filler with name ..
    fi:
    flags = 0x00000000
    fh_old = 0x7ff3e0000b20
    writepage = 0
    direct_io = 0
    keep_cache = 0
    fh = 0x00007ff3e0000b20
    lock_owner = 0x0000000000000000

bb_releasedir(path="/", fi=0xf6b72c90)
    fi:
    flags = 0x00000000
    fh_old = 0x7ff3e0000b20
    writepage = 0
    direct_io = 0
    keep_cache = 0
    fh = 0x00007ff3e0000b20
    lock_owner = 0x0000000000000000

bb_opendir(path="/", fi=0xf5b70c80)
    bb_fullpath:  rootdir = "/home/dibyendu/Desktop/Sem 6/CS 333/Lab 11/fuse-tutorial-2016-03-25/example/rootdir", path = "/", fpath = "/home/dibyendu/Desktop/Sem 6/CS 333/Lab 11/fuse-tutorial-2016-03-25/example/rootdir/"
    opendir returned 0x0x7ff3e0000a90
    fi:
    flags = 0x00018800
    fh_old = 0x00000000
    writepage = 0
    direct_io = 0
    keep_cache = 0
    fh = 0x00007ff3e0000a90
    lock_owner = 0x0000000000000000

bb_readdir(path="/", buf=0xe0000a10, filler=0xf7f4e470, offset=0, fi=0xf7373c80)
    readdir returned 0x0x7ff3e0000ac0
calling filler with name .
calling filler with name ..
    fi:
    flags = 0x00000000
    fh_old = 0x7ff3e0000a90
    writepage = 0
    direct_io = 0
    keep_cache = 0
    fh = 0x00007ff3e0000a90
    lock_owner = 0x0000000000000000

bb_releasedir(path="/", fi=0xf6b72c90)
    fi:
    flags = 0x00000000
    fh_old = 0x7ff3e0000a90
    writepage = 0
    direct_io = 0
    keep_cache = 0
    fh = 0x00007ff3e0000a90
    lock_owner = 0x0000000000000000

bb_opendir(path="/", fi=0xf5b70c80)
    bb_fullpath:  rootdir = "/home/dibyendu/Desktop/Sem 6/CS 333/Lab 11/fuse-tutorial-2016-03-25/example/rootdir", path = "/", fpath = "/home/dibyendu/Desktop/Sem 6/CS 333/Lab 11/fuse-tutorial-2016-03-25/example/rootdir/"
    opendir returned 0x0x7ff3e0000a10
    fi:
    flags = 0x00018800
    fh_old = 0x00000000
    writepage = 0
    direct_io = 0
    keep_cache = 0
    fh = 0x00007ff3e0000a10
    lock_owner = 0x0000000000000000

bb_readdir(path="/", buf=0xe0000990, filler=0xf7f4e470, offset=0, fi=0xf7373c80)
    readdir returned 0x0x7ff3e0000a40
calling filler with name .
calling filler with name ..
    fi:
    flags = 0x00000000
    fh_old = 0x7ff3e0000a10
    writepage = 0
    direct_io = 0
    keep_cache = 0
    fh = 0x00007ff3e0000a10
    lock_owner = 0x0000000000000000

bb_releasedir(path="/", fi=0xf6b72c90)
    fi:
    flags = 0x00000000
    fh_old = 0x7ff3e0000a10
    writepage = 0
    direct_io = 0
    keep_cache = 0
    fh = 0x00007ff3e0000a10
    lock_owner = 0x0000000000000000

bb_opendir(path="/", fi=0xf5b70c80)
    bb_fullpath:  rootdir = "/home/dibyendu/Desktop/Sem 6/CS 333/Lab 11/fuse-tutorial-2016-03-25/example/rootdir", path = "/", fpath = "/home/dibyendu/Desktop/Sem 6/CS 333/Lab 11/fuse-tutorial-2016-03-25/example/rootdir/"
    opendir returned 0x0x7ff3e0000990
    fi:
    flags = 0x00018800
    fh_old = 0x00000000
    writepage = 0
    direct_io = 0
    keep_cache = 0
    fh = 0x00007ff3e0000990
    lock_owner = 0x0000000000000000

bb_readdir(path="/", buf=0xe0008a50, filler=0xf7f4e470, offset=0, fi=0xf7373c80)
    readdir returned 0x0x7ff3e00009c0
calling filler with name .
calling filler with name ..
    fi:
    flags = 0x00000000
    fh_old = 0x7ff3e0000990
    writepage = 0
    direct_io = 0
    keep_cache = 0
    fh = 0x00007ff3e0000990
    lock_owner = 0x0000000000000000

bb_releasedir(path="/", fi=0xf6b72c90)
    fi:
    flags = 0x00000000
    fh_old = 0x7ff3e0000990
    writepage = 0
    direct_io = 0
    keep_cache = 0
    fh = 0x00007ff3e0000990
    lock_owner = 0x0000000000000000

bb_opendir(path="/", fi=0xf6b72c80)
    bb_fullpath:  rootdir = "/home/dibyendu/Desktop/Sem 6/CS 333/Lab 11/fuse-tutorial-2016-03-25/example/rootdir", path = "/", fpath = "/home/dibyendu/Desktop/Sem 6/CS 333/Lab 11/fuse-tutorial-2016-03-25/example/rootdir/"
    opendir returned 0x0x7ff3e8000da0
    fi:
    flags = 0x00018800
    fh_old = 0x00000000
    writepage = 0
    direct_io = 0
    keep_cache = 0
    fh = 0x00007ff3e8000da0
    lock_owner = 0x0000000000000000

bb_readdir(path="/", buf=0xe8000c10, filler=0xf7f4e470, offset=0, fi=0xf5b70c80)
    readdir returned 0x0x7ff3e8000dd0
calling filler with name .
calling filler with name ..
    fi:
    flags = 0x00000000
    fh_old = 0x7ff3e8000da0
    writepage = 0
    direct_io = 0
    keep_cache = 0
    fh = 0x00007ff3e8000da0
    lock_owner = 0x0000000000000000

bb_releasedir(path="/", fi=0xf6371c90)
    fi:
    flags = 0x00000000
    fh_old = 0x7ff3e8000da0
    writepage = 0
    direct_io = 0
    keep_cache = 0

bb_opendir(path="/", fi=0xf6b72c80)
    bb_fullpath:  rootdir = "/home/dibyendu/Desktop/Sem 6/CS 333/Lab 11/fuse-tutorial-2016-03-25/example/rootdir", path = "/", fpath = "/home/dibyendu/Desktop/Sem 6/CS 333/Lab 11/fuse-tutorial-2016-03-25/example/rootdir/"
    fh = 0x00007ff3e8000da0
    lock_owner = 0x0000000000000000
    opendir returned 0x0x7ff3e8008ef0
    fi:
    flags = 0x00018800
    fh_old = 0x00000000
    writepage = 0
    direct_io = 0
    keep_cache = 0
    fh = 0x00007ff3e8008ef0
    lock_owner = 0x0000000000000000

bb_readdir(path="/", buf=0xe8000c90, filler=0xf7f4e470, offset=0, fi=0xf5b70c80)
    readdir returned 0x0x7ff3e8008f20
calling filler with name .
calling filler with name ..
    fi:
    flags = 0x00000000
    fh_old = 0x7ff3e8008ef0
    writepage = 0
    direct_io = 0
    keep_cache = 0
    fh = 0x00007ff3e8008ef0
    lock_owner = 0x0000000000000000

bb_releasedir(path="/", fi=0xf6371c90)
    fi:
    flags = 0x00000000
    fh_old = 0x7ff3e8008ef0
    writepage = 0
    direct_io = 0
    keep_cache = 0
    fh = 0x00007ff3e8008ef0
    lock_owner = 0x0000000000000000

bb_opendir(path="/", fi=0xf6b72c80)
    bb_fullpath:  rootdir = "/home/dibyendu/Desktop/Sem 6/CS 333/Lab 11/fuse-tutorial-2016-03-25/example/rootdir", path = "/", fpath = "/home/dibyendu/Desktop/Sem 6/CS 333/Lab 11/fuse-tutorial-2016-03-25/example/rootdir/"
    opendir returned 0x0x7ff3e8000e20
    fi:
    flags = 0x00018800
    fh_old = 0x00000000
    writepage = 0
    direct_io = 0
    keep_cache = 0
    fh = 0x00007ff3e8000e20
    lock_owner = 0x0000000000000000

bb_readdir(path="/", buf=0xe8000c10, filler=0xf7f4e470, offset=0, fi=0xf5b70c80)
    readdir returned 0x0x7ff3e8000e50
calling filler with name .
calling filler with name ..
    fi:
    flags = 0x00000000
    fh_old = 0x7ff3e8000e20
    writepage = 0
    direct_io = 0
    keep_cache = 0
    fh = 0x00007ff3e8000e20
    lock_owner = 0x0000000000000000

bb_releasedir(path="/", fi=0xf6371c90)
    fi:
    flags = 0x00000000
    fh_old = 0x7ff3e8000e20
    writepage = 0
    direct_io = 0
    keep_cache = 0

bb_opendir(path="/", fi=0xf6b72c80)
    bb_fullpath:  rootdir = "/home/dibyendu/Desktop/Sem 6/CS 333/Lab 11/fuse-tutorial-2016-03-25/example/rootdir", path = "/", fpath = "/home/dibyendu/Desktop/Sem 6/CS 333/Lab 11/fuse-tutorial-2016-03-25/example/rootdir/"
    fh = 0x00007ff3e8000e20
    lock_owner = 0x0000000000000000
    opendir returned 0x0x7ff3e8008e60
    fi:
    flags = 0x00018800
    fh_old = 0x00000000
    writepage = 0
    direct_io = 0
    keep_cache = 0
    fh = 0x00007ff3e8008e60
    lock_owner = 0x0000000000000000

bb_readdir(path="/", buf=0xe8000c90, filler=0xf7f4e470, offset=0, fi=0xf5b70c80)
    readdir returned 0x0x7ff3e8008e90
calling filler with name .
calling filler with name ..
    fi:
    flags = 0x00000000
    fh_old = 0x7ff3e8008e60
    writepage = 0
    direct_io = 0
    keep_cache = 0
    fh = 0x00007ff3e8008e60
    lock_owner = 0x0000000000000000

bb_releasedir(path="/", fi=0xf6371c90)
    fi:
    flags = 0x00000000

bb_opendir(path="/", fi=0xf6b72c80)
    bb_fullpath:  rootdir = "/home/dibyendu/Desktop/Sem 6/CS 333/Lab 11/fuse-tutorial-2016-03-25/example/rootdir", path = "/", fpath = "/home/dibyendu/Desktop/Sem 6/CS 333/Lab 11/fuse-tutorial-2016-03-25/example/rootdir/"
    fh_old = 0x7ff3e8008e60
    writepage = 0
    direct_io = 0
    keep_cache = 0
    fh = 0x00007ff3e8008e60
    lock_owner = 0x0000000000000000
    opendir returned 0x0x7ff3e8000e20
    fi:
    flags = 0x00018800
    fh_old = 0x00000000
    writepage = 0
    direct_io = 0
    keep_cache = 0
    fh = 0x00007ff3e8000e20
    lock_owner = 0x0000000000000000

bb_readdir(path="/", buf=0xe8000c10, filler=0xf7f4e470, offset=0, fi=0xf6b72c80)
    readdir returned 0x0x7ff3e8000e50
calling filler with name .
calling filler with name ..
    fi:
    flags = 0x00000000
    fh_old = 0x7ff3e8000e20
    writepage = 0
    direct_io = 0
    keep_cache = 0
    fh = 0x00007ff3e8000e20
    lock_owner = 0x0000000000000000

bb_releasedir(path="/", fi=0xf5b70c90)
    fi:
    flags = 0x00000000
    fh_old = 0x7ff3e8000e20
    writepage = 0
    direct_io = 0
    keep_cache = 0
    fh = 0x00007ff3e8000e20
    lock_owner = 0x0000000000000000

bb_opendir(path="/", fi=0xf6371c80)
    bb_fullpath:  rootdir = "/home/dibyendu/Desktop/Sem 6/CS 333/Lab 11/fuse-tutorial-2016-03-25/example/rootdir", path = "/", fpath = "/home/dibyendu/Desktop/Sem 6/CS 333/Lab 11/fuse-tutorial-2016-03-25/example/rootdir/"
    opendir returned 0x0x7ff3ec000da0
    fi:
    flags = 0x00018800
    fh_old = 0x00000000
    writepage = 0
    direct_io = 0
    keep_cache = 0
    fh = 0x00007ff3ec000da0
    lock_owner = 0x0000000000000000

bb_readdir(path="/", buf=0xec000c10, filler=0xf7f4e470, offset=0, fi=0xf6b72c80)
    readdir returned 0x0x7ff3ec000dd0
calling filler with name .
calling filler with name ..
    fi:
    flags = 0x00000000
    fh_old = 0x7ff3ec000da0
    writepage = 0
    direct_io = 0
    keep_cache = 0
    fh = 0x00007ff3ec000da0
    lock_owner = 0x0000000000000000

bb_releasedir(path="/", fi=0xf6371c90)
    fi:
    flags = 0x00000000
    fh_old = 0x7ff3ec000da0
    writepage = 0
    direct_io = 0
    keep_cache = 0
    fh = 0x00007ff3ec000da0
    lock_owner = 0x0000000000000000

bb_opendir(path="/", fi=0xf6371c80)
    bb_fullpath:  rootdir = "/home/dibyendu/Desktop/Sem 6/CS 333/Lab 11/fuse-tutorial-2016-03-25/example/rootdir", path = "/", fpath = "/home/dibyendu/Desktop/Sem 6/CS 333/Lab 11/fuse-tutorial-2016-03-25/example/rootdir/"
    opendir returned 0x0x7ff3ec000da0
    fi:
    flags = 0x00018800
    fh_old = 0x00000000
    writepage = 0
    direct_io = 0
    keep_cache = 0
    fh = 0x00007ff3ec000da0
    lock_owner = 0x0000000000000000

bb_readdir(path="/", buf=0xec000c10, filler=0xf7f4e470, offset=0, fi=0xf6371c80)
    readdir returned 0x0x7ff3ec000dd0
calling filler with name .
calling filler with name ..
    fi:
    flags = 0x00000000
    fh_old = 0x7ff3ec000da0
    writepage = 0
    direct_io = 0
    keep_cache = 0
    fh = 0x00007ff3ec000da0
    lock_owner = 0x0000000000000000

bb_releasedir(path="/", fi=0xf5b70c90)
    fi:
    flags = 0x00000000
    fh_old = 0x7ff3ec000da0
    writepage = 0
    direct_io = 0
    keep_cache = 0
    fh = 0x00007ff3ec000da0
    lock_owner = 0x0000000000000000

bb_opendir(path="/", fi=0xf5b70c80)
    bb_fullpath:  rootdir = "/home/dibyendu/Desktop/Sem 6/CS 333/Lab 11/fuse-tutorial-2016-03-25/example/rootdir", path = "/", fpath = "/home/dibyendu/Desktop/Sem 6/CS 333/Lab 11/fuse-tutorial-2016-03-25/example/rootdir/"
    opendir returned 0x0x7ff3e0000b20
    fi:
    flags = 0x00018800
    fh_old = 0x00000000
    writepage = 0
    direct_io = 0
    keep_cache = 0
    fh = 0x00007ff3e0000b20
    lock_owner = 0x0000000000000000

bb_readdir(path="/", buf=0xe0000990, filler=0xf7f4e470, offset=0, fi=0xf6371c80)
    readdir returned 0x0x7ff3e0000b50
calling filler with name .
calling filler with name ..
    fi:
    flags = 0x00000000
    fh_old = 0x7ff3e0000b20
    writepage = 0
    direct_io = 0
    keep_cache = 0
    fh = 0x00007ff3e0000b20
    lock_owner = 0x0000000000000000

bb_releasedir(path="/", fi=0xf7373c90)
    fi:
    flags = 0x00000000
    fh_old = 0x7ff3e0000b20
    writepage = 0
    direct_io = 0
    keep_cache = 0
    fh = 0x00007ff3e0000b20
    lock_owner = 0x0000000000000000

bb_opendir(path="/", fi=0xf7373c80)
    bb_fullpath:  rootdir = "/home/dibyendu/Desktop/Sem 6/CS 333/Lab 11/fuse-tutorial-2016-03-25/example/rootdir", path = "/", fpath = "/home/dibyendu/Desktop/Sem 6/CS 333/Lab 11/fuse-tutorial-2016-03-25/example/rootdir/"
    opendir returned 0x0x7ff3f0000da0
    fi:
    flags = 0x00018800
    fh_old = 0x00000000
    writepage = 0
    direct_io = 0
    keep_cache = 0
    fh = 0x00007ff3f0000da0
    lock_owner = 0x0000000000000000

bb_readdir(path="/", buf=0xf0000c10, filler=0xf7f4e470, offset=0, fi=0xf5b70c80)
    readdir returned 0x0x7ff3f0000dd0
calling filler with name .
calling filler with name ..
    fi:
    flags = 0x00000000
    fh_old = 0x7ff3f0000da0
    writepage = 0
    direct_io = 0
    keep_cache = 0
    fh = 0x00007ff3f0000da0
    lock_owner = 0x0000000000000000

bb_releasedir(path="/", fi=0xf6b72c90)
    fi:
    flags = 0x00000000
    fh_old = 0x7ff3f0000da0
    writepage = 0
    direct_io = 0
    keep_cache = 0
    fh = 0x00007ff3f0000da0
    lock_owner = 0x0000000000000000

bb_opendir(path="/", fi=0xf7373c80)
    bb_fullpath:  rootdir = "/home/dibyendu/Desktop/Sem 6/CS 333/Lab 11/fuse-tutorial-2016-03-25/example/rootdir", path = "/", fpath = "/home/dibyendu/Desktop/Sem 6/CS 333/Lab 11/fuse-tutorial-2016-03-25/example/rootdir/"
    opendir returned 0x0x7ff3f0000d10
    fi:
    flags = 0x00018800
    fh_old = 0x00000000
    writepage = 0
    direct_io = 0
    keep_cache = 0
    fh = 0x00007ff3f0000d10
    lock_owner = 0x0000000000000000

bb_readdir(path="/", buf=0xf0000c90, filler=0xf7f4e470, offset=0, fi=0xf5b70c80)
    readdir returned 0x0x7ff3f0000d40
calling filler with name .
calling filler with name ..
    fi:
    flags = 0x00000000
    fh_old = 0x7ff3f0000d10
    writepage = 0
    direct_io = 0
    keep_cache = 0
    fh = 0x00007ff3f0000d10
    lock_owner = 0x0000000000000000

bb_releasedir(path="/", fi=0xf6b72c90)
    fi:
    flags = 0x00000000
    fh_old = 0x7ff3f0000d10
    writepage = 0
    direct_io = 0
    keep_cache = 0
    fh = 0x00007ff3f0000d10
    lock_owner = 0x0000000000000000

bb_opendir(path="/", fi=0xf6b72c80)
    bb_fullpath:  rootdir = "/home/dibyendu/Desktop/Sem 6/CS 333/Lab 11/fuse-tutorial-2016-03-25/example/rootdir", path = "/", fpath = "/home/dibyendu/Desktop/Sem 6/CS 333/Lab 11/fuse-tutorial-2016-03-25/example/rootdir/"
    opendir returned 0x0x7ff3e8000da0
    fi:
    flags = 0x00018800
    fh_old = 0x00000000
    writepage = 0
    direct_io = 0
    keep_cache = 0
    fh = 0x00007ff3e8000da0
    lock_owner = 0x0000000000000000

bb_readdir(path="/", buf=0xe8000c10, filler=0xf7f4e470, offset=0, fi=0xf7373c80)
    readdir returned 0x0x7ff3e8000dd0
calling filler with name .
calling filler with name ..
    fi:
    flags = 0x00000000
    fh_old = 0x7ff3e8000da0
    writepage = 0
    direct_io = 0
    keep_cache = 0
    fh = 0x00007ff3e8000da0
    lock_owner = 0x0000000000000000

bb_releasedir(path="/", fi=0xf5b70c90)
    fi:
    flags = 0x00000000
    fh_old = 0x7ff3e8000da0
    writepage = 0
    direct_io = 0
    keep_cache = 0
    fh = 0x00007ff3e8000da0
    lock_owner = 0x0000000000000000

bb_opendir(path="/", fi=0xf5b70c80)
    bb_fullpath:  rootdir = "/home/dibyendu/Desktop/Sem 6/CS 333/Lab 11/fuse-tutorial-2016-03-25/example/rootdir", path = "/", fpath = "/home/dibyendu/Desktop/Sem 6/CS 333/Lab 11/fuse-tutorial-2016-03-25/example/rootdir/"
    opendir returned 0x0x7ff3e0000b20
    fi:
    flags = 0x00018800
    fh_old = 0x00000000
    writepage = 0
    direct_io = 0
    keep_cache = 0
    fh = 0x00007ff3e0000b20
    lock_owner = 0x0000000000000000

bb_readdir(path="/", buf=0xe0000990, filler=0xf7f4e470, offset=0, fi=0xf6371c80)
    readdir returned 0x0x7ff3e0000b50
calling filler with name .
calling filler with name ..
    fi:
    flags = 0x00000000
    fh_old = 0x7ff3e0000b20
    writepage = 0
    direct_io = 0
    keep_cache = 0
    fh = 0x00007ff3e0000b20
    lock_owner = 0x0000000000000000

bb_releasedir(path="/", fi=0xf6b72c90)
    fi:
    flags = 0x00000000
    fh_old = 0x7ff3e0000b20
    writepage = 0
    direct_io = 0
    keep_cache = 0
    fh = 0x00007ff3e0000b20
    lock_owner = 0x0000000000000000

bb_opendir(path="/", fi=0xf6371c80)
    bb_fullpath:  rootdir = "/home/dibyendu/Desktop/Sem 6/CS 333/Lab 11/fuse-tutorial-2016-03-25/example/rootdir", path = "/", fpath = "/home/dibyendu/Desktop/Sem 6/CS 333/Lab 11/fuse-tutorial-2016-03-25/example/rootdir/"
    opendir returned 0x0x7ff3ec001240
    fi:
    flags = 0x00018800
    fh_old = 0x00000000
    writepage = 0
    direct_io = 0
    keep_cache = 0
    fh = 0x00007ff3ec001240
    lock_owner = 0x0000000000000000

bb_readdir(path="/", buf=0xec000c10, filler=0xf7f4e470, offset=0, fi=0xf7373c80)
    readdir returned 0x0x7ff3ec001270
calling filler with name .
calling filler with name ..
    fi:
    flags = 0x00000000
    fh_old = 0x7ff3ec001240
    writepage = 0
    direct_io = 0
    keep_cache = 0
    fh = 0x00007ff3ec001240
    lock_owner = 0x0000000000000000

bb_releasedir(path="/", fi=0xf6b72c90)
    fi:
    flags = 0x00000000
    fh_old = 0x7ff3ec001240
    writepage = 0
    direct_io = 0
    keep_cache = 0
    fh = 0x00007ff3ec001240
    lock_owner = 0x0000000000000000

bb_opendir(path="/", fi=0xf6b72c80)
    bb_fullpath:  rootdir = "/home/dibyendu/Desktop/Sem 6/CS 333/Lab 11/fuse-tutorial-2016-03-25/example/rootdir", path = "/", fpath = "/home/dibyendu/Desktop/Sem 6/CS 333/Lab 11/fuse-tutorial-2016-03-25/example/rootdir/"
    opendir returned 0x0x7ff3e8000da0
    fi:
    flags = 0x00018800
    fh_old = 0x00000000
    writepage = 0
    direct_io = 0
    keep_cache = 0
    fh = 0x00007ff3e8000da0
    lock_owner = 0x0000000000000000

bb_readdir(path="/", buf=0xe8000c10, filler=0xf7f4e470, offset=0, fi=0xf7373c80)
    readdir returned 0x0x7ff3e8000dd0
calling filler with name .
calling filler with name ..
    fi:
    flags = 0x00000000
    fh_old = 0x7ff3e8000da0
    writepage = 0
    direct_io = 0
    keep_cache = 0
    fh = 0x00007ff3e8000da0
    lock_owner = 0x0000000000000000

bb_releasedir(path="/", fi=0xf6b72c90)
    fi:
    flags = 0x00000000
    fh_old = 0x7ff3e8000da0
    writepage = 0
    direct_io = 0
    keep_cache = 0
    fh = 0x00007ff3e8000da0
    lock_owner = 0x0000000000000000

bb_opendir(path="/", fi=0xf6b72c80)
    bb_fullpath:  rootdir = "/home/dibyendu/Desktop/Sem 6/CS 333/Lab 11/fuse-tutorial-2016-03-25/example/rootdir", path = "/", fpath = "/home/dibyendu/Desktop/Sem 6/CS 333/Lab 11/fuse-tutorial-2016-03-25/example/rootdir/"
    opendir returned 0x0x7ff3e8000da0
    fi:
    flags = 0x00018800
    fh_old = 0x00000000
    writepage = 0
    direct_io = 0
    keep_cache = 0
    fh = 0x00007ff3e8000da0
    lock_owner = 0x0000000000000000

bb_readdir(path="/", buf=0xe8000c10, filler=0xf7f4e470, offset=0, fi=0xf7373c80)
    readdir returned 0x0x7ff3e8000dd0
calling filler with name .
calling filler with name ..
    fi:
    flags = 0x00000000
    fh_old = 0x7ff3e8000da0
    writepage = 0
    direct_io = 0
    keep_cache = 0
    fh = 0x00007ff3e8000da0
    lock_owner = 0x0000000000000000

bb_releasedir(path="/", fi=0xf6371c90)
    fi:
    flags = 0x00000000
    fh_old = 0x7ff3e8000da0
    writepage = 0
    direct_io = 0
    keep_cache = 0
    fh = 0x00007ff3e8000da0
    lock_owner = 0x0000000000000000

bb_opendir(path="/", fi=0xf6371c80)
    bb_fullpath:  rootdir = "/home/dibyendu/Desktop/Sem 6/CS 333/Lab 11/fuse-tutorial-2016-03-25/example/rootdir", path = "/", fpath = "/home/dibyendu/Desktop/Sem 6/CS 333/Lab 11/fuse-tutorial-2016-03-25/example/rootdir/"
    opendir returned 0x0x7ff3ec000da0
    fi:
    flags = 0x00018800
    fh_old = 0x00000000
    writepage = 0
    direct_io = 0
    keep_cache = 0
    fh = 0x00007ff3ec000da0
    lock_owner = 0x0000000000000000

bb_readdir(path="/", buf=0xec000c10, filler=0xf7f4e470, offset=0, fi=0xf5b70c80)
    readdir returned 0x0x7ff3ec000dd0
calling filler with name .
calling filler with name ..
    fi:
    flags = 0x00000000
    fh_old = 0x7ff3ec000da0
    writepage = 0
    direct_io = 0
    keep_cache = 0
    fh = 0x00007ff3ec000da0
    lock_owner = 0x0000000000000000

bb_releasedir(path="/", fi=0xf6b72c90)
    fi:
    flags = 0x00000000
    fh_old = 0x7ff3ec000da0
    writepage = 0
    direct_io = 0
    keep_cache = 0
    fh = 0x00007ff3ec000da0
    lock_owner = 0x0000000000000000

bb_opendir(path="/", fi=0xf6b72c80)
    bb_fullpath:  rootdir = "/home/dibyendu/Desktop/Sem 6/CS 333/Lab 11/fuse-tutorial-2016-03-25/example/rootdir", path = "/", fpath = "/home/dibyendu/Desktop/Sem 6/CS 333/Lab 11/fuse-tutorial-2016-03-25/example/rootdir/"
    opendir returned 0x0x7ff3e8000da0
    fi:
    flags = 0x00018800
    fh_old = 0x00000000
    writepage = 0
    direct_io = 0
    keep_cache = 0
    fh = 0x00007ff3e8000da0
    lock_owner = 0x0000000000000000

bb_readdir(path="/", buf=0xe8000c10, filler=0xf7f4e470, offset=0, fi=0xf6371c80)
    readdir returned 0x0x7ff3e8000dd0
calling filler with name .
calling filler with name ..
    fi:
    flags = 0x00000000
    fh_old = 0x7ff3e8000da0
    writepage = 0
    direct_io = 0
    keep_cache = 0
    fh = 0x00007ff3e8000da0
    lock_owner = 0x0000000000000000

bb_releasedir(path="/", fi=0xf7373c90)
    fi:
    flags = 0x00000000
    fh_old = 0x7ff3e8000da0
    writepage = 0
    direct_io = 0
    keep_cache = 0
    fh = 0x00007ff3e8000da0
    lock_owner = 0x0000000000000000

bb_opendir(path="/", fi=0xf6b72c80)
    bb_fullpath:  rootdir = "/home/dibyendu/Desktop/Sem 6/CS 333/Lab 11/fuse-tutorial-2016-03-25/example/rootdir", path = "/", fpath = "/home/dibyendu/Desktop/Sem 6/CS 333/Lab 11/fuse-tutorial-2016-03-25/example/rootdir/"
    opendir returned 0x0x7ff3e8000da0
    fi:
    flags = 0x00018800
    fh_old = 0x00000000
    writepage = 0
    direct_io = 0
    keep_cache = 0
    fh = 0x00007ff3e8000da0
    lock_owner = 0x0000000000000000

bb_readdir(path="/", buf=0xe8000c10, filler=0xf7f4e470, offset=0, fi=0xf6371c80)
    readdir returned 0x0x7ff3e8000dd0
calling filler with name .
calling filler with name ..
    fi:
    flags = 0x00000000
    fh_old = 0x7ff3e8000da0
    writepage = 0
    direct_io = 0
    keep_cache = 0
    fh = 0x00007ff3e8000da0
    lock_owner = 0x0000000000000000

bb_releasedir(path="/", fi=0xf7373c90)
    fi:
    flags = 0x00000000
    fh_old = 0x7ff3e8000da0
    writepage = 0
    direct_io = 0
    keep_cache = 0
    fh = 0x00007ff3e8000da0
    lock_owner = 0x0000000000000000

bb_getattr(path="/autorun.inf", statbuf=0xf7373c90)
    bb_fullpath:  rootdir = "/home/dibyendu/Desktop/Sem 6/CS 333/Lab 11/fuse-tutorial-2016-03-25/example/rootdir", path = "/autorun.inf", fpath = "/home/dibyendu/Desktop/Sem 6/CS 333/Lab 11/fuse-tutorial-2016-03-25/example/rootdir/autorun.inf"
    lstat returned -1
    ERROR lstat: No such file or directory
    si:
    st_dev = 0
    st_ino = 0
    st_mode = 00
    st_nlink = 0
    st_uid = 0
    st_gid = 0
    st_rdev = 0
    st_size = 0
    st_blksize = 0
    st_blocks = 0
    st_atime = 0x00000000
    st_mtime = 0x00000000
    st_ctime = 0x00000000

bb_getattr(path="/", statbuf=0xf6b72c60)
    bb_fullpath:  rootdir = "/home/dibyendu/Desktop/Sem 6/CS 333/Lab 11/fuse-tutorial-2016-03-25/example/rootdir", path = "/", fpath = "/home/dibyendu/Desktop/Sem 6/CS 333/Lab 11/fuse-tutorial-2016-03-25/example/rootdir/"
    lstat returned 0
    si:
    st_dev = 2056
    st_ino = 98436
    st_mode = 040775
    st_nlink = 2
    st_uid = 1000
    st_gid = 1000
    st_rdev = 0
    st_size = 4096
    st_blksize = 4096
    st_blocks = 8
    st_atime = 0x57015526
    st_mtime = 0x57015526
    st_ctime = 0x57015526

bb_getattr(path="/", statbuf=0xf6371c60)
    bb_fullpath:  rootdir = "/home/dibyendu/Desktop/Sem 6/CS 333/Lab 11/fuse-tutorial-2016-03-25/example/rootdir", path = "/", fpath = "/home/dibyendu/Desktop/Sem 6/CS 333/Lab 11/fuse-tutorial-2016-03-25/example/rootdir/"
    lstat returned 0
    si:
    st_dev = 2056
    st_ino = 98436
    st_mode = 040775
    st_nlink = 2
    st_uid = 1000
    st_gid = 1000
    st_rdev = 0
    st_size = 4096
    st_blksize = 4096
    st_blocks = 8
    st_atime = 0x57015526
    st_mtime = 0x57015526
    st_ctime = 0x57015526

bb_access(path="/", mask=01)
    bb_fullpath:  rootdir = "/home/dibyendu/Desktop/Sem 6/CS 333/Lab 11/fuse-tutorial-2016-03-25/example/rootdir", path = "/", fpath = "/home/dibyendu/Desktop/Sem 6/CS 333/Lab 11/fuse-tutorial-2016-03-25/example/rootdir/"

bb_opendir(path="/", fi=0xf7373c80)
    bb_fullpath:  rootdir = "/home/dibyendu/Desktop/Sem 6/CS 333/Lab 11/fuse-tutorial-2016-03-25/example/rootdir", path = "/", fpath = "/home/dibyendu/Desktop/Sem 6/CS 333/Lab 11/fuse-tutorial-2016-03-25/example/rootdir/"
    opendir returned 0x0x7ff3f0000da0
    fi:
    flags = 0x00018800
    fh_old = 0x00000000
    writepage = 0
    direct_io = 0
    keep_cache = 0
    fh = 0x00007ff3f0000da0
    lock_owner = 0x0000000000000000

bb_readdir(path="/", buf=0xf0000c10, filler=0xf7f4e470, offset=0, fi=0xf6b72c80)
    readdir returned 0x0x7ff3f0000dd0
calling filler with name .
calling filler with name ..
    fi:
    flags = 0x00000000
    fh_old = 0x7ff3f0000da0
    writepage = 0
    direct_io = 0
    keep_cache = 0
    fh = 0x00007ff3f0000da0
    lock_owner = 0x0000000000000000

bb_releasedir(path="/", fi=0xf5b70c90)
    fi:
    flags = 0x00000000
    fh_old = 0x7ff3f0000da0
    writepage = 0
    direct_io = 0
    keep_cache = 0
    fh = 0x00007ff3f0000da0
    lock_owner = 0x0000000000000000

bb_getattr(path="/", statbuf=0xf7373c60)
    bb_fullpath:  rootdir = "/home/dibyendu/Desktop/Sem 6/CS 333/Lab 11/fuse-tutorial-2016-03-25/example/rootdir", path = "/", fpath = "/home/dibyendu/Desktop/Sem 6/CS 333/Lab 11/fuse-tutorial-2016-03-25/example/rootdir/"
    lstat returned 0
    si:
    st_dev = 2056
    st_ino = 98436
    st_mode = 040775
    st_nlink = 2
    st_uid = 1000
    st_gid = 1000
    st_rdev = 0
    st_size = 4096
    st_blksize = 4096
    st_blocks = 8
    st_atime = 0x57015526
    st_mtime = 0x57015526
    st_ctime = 0x57015526

bb_opendir(path="/", fi=0xf6b72c80)
    bb_fullpath:  rootdir = "/home/dibyendu/Desktop/Sem 6/CS 333/Lab 11/fuse-tutorial-2016-03-25/example/rootdir", path = "/", fpath = "/home/dibyendu/Desktop/Sem 6/CS 333/Lab 11/fuse-tutorial-2016-03-25/example/rootdir/"
    opendir returned 0x0x7ff3e8000da0
    fi:
    flags = 0x00018800
    fh_old = 0x00000000
    writepage = 0
    direct_io = 0
    keep_cache = 0
    fh = 0x00007ff3e8000da0
    lock_owner = 0x0000000000000000

bb_readdir(path="/", buf=0xe8000c10, filler=0xf7f4e470, offset=0, fi=0xf6371c80)
    readdir returned 0x0x7ff3e8000dd0
calling filler with name .
calling filler with name ..
    fi:
    flags = 0x00000000
    fh_old = 0x7ff3e8000da0
    writepage = 0
    direct_io = 0
    keep_cache = 0
    fh = 0x00007ff3e8000da0
    lock_owner = 0x0000000000000000

bb_releasedir(path="/", fi=0xf7373c90)
    fi:
    flags = 0x00000000
    fh_old = 0x7ff3e8000da0
    writepage = 0
    direct_io = 0
    keep_cache = 0
    fh = 0x00007ff3e8000da0
    lock_owner = 0x0000000000000000

bb_opendir(path="/", fi=0xf6b72c80)
    bb_fullpath:  rootdir = "/home/dibyendu/Desktop/Sem 6/CS 333/Lab 11/fuse-tutorial-2016-03-25/example/rootdir", path = "/", fpath = "/home/dibyendu/Desktop/Sem 6/CS 333/Lab 11/fuse-tutorial-2016-03-25/example/rootdir/"
    opendir returned 0x0x7ff3e8000da0
    fi:
    flags = 0x00018800
    fh_old = 0x00000000
    writepage = 0
    direct_io = 0
    keep_cache = 0
    fh = 0x00007ff3e8000da0
    lock_owner = 0x0000000000000000

bb_readdir(path="/", buf=0xe8000c10, filler=0xf7f4e470, offset=0, fi=0xf6371c80)
    readdir returned 0x0x7ff3e8000dd0
calling filler with name .
calling filler with name ..
    fi:
    flags = 0x00000000
    fh_old = 0x7ff3e8000da0
    writepage = 0
    direct_io = 0
    keep_cache = 0
    fh = 0x00007ff3e8000da0
    lock_owner = 0x0000000000000000

bb_releasedir(path="/", fi=0xf7373c90)
    fi:
    flags = 0x00000000
    fh_old = 0x7ff3e8000da0
    writepage = 0
    direct_io = 0
    keep_cache = 0
    fh = 0x00007ff3e8000da0
    lock_owner = 0x0000000000000000

bb_getattr(path="/", statbuf=0xf6b72c60)
    bb_fullpath:  rootdir = "/home/dibyendu/Desktop/Sem 6/CS 333/Lab 11/fuse-tutorial-2016-03-25/example/rootdir", path = "/", fpath = "/home/dibyendu/Desktop/Sem 6/CS 333/Lab 11/fuse-tutorial-2016-03-25/example/rootdir/"
    lstat returned 0
    si:
    st_dev = 2056
    st_ino = 98436
    st_mode = 040775
    st_nlink = 2
    st_uid = 1000
    st_gid = 1000
    st_rdev = 0
    st_size = 4096
    st_blksize = 4096
    st_blocks = 8
    st_atime = 0x57015526
    st_mtime = 0x57015526
    st_ctime = 0x57015526

bb_getattr(path="/foo", statbuf=0xf6371c90)
    bb_fullpath:  rootdir = "/home/dibyendu/Desktop/Sem 6/CS 333/Lab 11/fuse-tutorial-2016-03-25/example/rootdir", path = "/foo", fpath = "/home/dibyendu/Desktop/Sem 6/CS 333/Lab 11/fuse-tutorial-2016-03-25/example/rootdir/foo"
    lstat returned -1
    ERROR lstat: No such file or directory
    si:
    st_dev = 0
    st_ino = 0
    st_mode = 00
    st_nlink = 0
    st_uid = 0
    st_gid = 0
    st_rdev = 0
    st_size = 0
    st_blksize = 0
    st_blocks = 0
    st_atime = 0x00000000
    st_mtime = 0x00000000
    st_ctime = 0x00000000

bb_mknod(path="/foo", mode=0100664, dev=0)
    bb_fullpath:  rootdir = "/home/dibyendu/Desktop/Sem 6/CS 333/Lab 11/fuse-tutorial-2016-03-25/example/rootdir", path = "/foo", fpath = "/home/dibyendu/Desktop/Sem 6/CS 333/Lab 11/fuse-tutorial-2016-03-25/example/rootdir/foo"
    open returned 5
    close returned 0

bb_getattr(path="/foo", statbuf=0xf7373c90)
    bb_fullpath:  rootdir = "/home/dibyendu/Desktop/Sem 6/CS 333/Lab 11/fuse-tutorial-2016-03-25/example/rootdir", path = "/foo", fpath = "/home/dibyendu/Desktop/Sem 6/CS 333/Lab 11/fuse-tutorial-2016-03-25/example/rootdir/foo"
    lstat returned 0
    si:
    st_dev = 2056
    st_ino = 95094
    st_mode = 0100664
    st_nlink = 1
    st_uid = 1000
    st_gid = 1000
    st_rdev = 0
    st_size = 0
    st_blksize = 4096
    st_blocks = 0
    st_atime = 0x57015538
    st_mtime = 0x57015538
    st_ctime = 0x57015538

bb_open(path"/foo", fi=0xf6b72d40)
    bb_fullpath:  rootdir = "/home/dibyendu/Desktop/Sem 6/CS 333/Lab 11/fuse-tutorial-2016-03-25/example/rootdir", path = "/foo", fpath = "/home/dibyendu/Desktop/Sem 6/CS 333/Lab 11/fuse-tutorial-2016-03-25/example/rootdir/foo"
    open returned 5
    fi:
    flags = 0x00008001
    fh_old = 0x00000000
    writepage = 0
    direct_io = 0
    keep_cache = 0
    fh = 0x0000000000000005
    lock_owner = 0x0000000000000000

bb_flush(path="/foo", fi=0xf6371d40)
    fi:
    flags = 0x00000000
    fh_old = 0x00000005
    writepage = 0
    direct_io = 0
    keep_cache = 0
    fh = 0x0000000000000005
    lock_owner = 0x237a6e9ae8ebd378

bb_write(path="/foo", buf=0xf8380060, size=147, offset=0, fi=0xf7373db0)
    fi:
    flags = 0x00008001
    fh_old = 0x00000005
    writepage = 0
    direct_io = 0
    keep_cache = 0
    fh = 0x0000000000000005
    lock_owner = 0x0000000000000000
    pwrite returned 147

bb_flush(path="/foo", fi=0xf6b72d40)
    fi:
    flags = 0x00000000
    fh_old = 0x00000005
    writepage = 0
    direct_io = 0
    keep_cache = 0
    fh = 0x0000000000000005
    lock_owner = 0x237a6e9ae8ebd378

bb_release(path="/foo", fi=0xf6371d40)
    fi:
    flags = 0x00008001
    fh_old = 0x00000005
    writepage = 0
    direct_io = 0
    keep_cache = 0
    fh = 0x0000000000000005
    lock_owner = 0x0000000000000000
    close returned 0

bb_getattr(path="/", statbuf=0xf5b70c60)
    bb_fullpath:  rootdir = "/home/dibyendu/Desktop/Sem 6/CS 333/Lab 11/fuse-tutorial-2016-03-25/example/rootdir", path = "/", fpath = "/home/dibyendu/Desktop/Sem 6/CS 333/Lab 11/fuse-tutorial-2016-03-25/example/rootdir/"
    lstat returned 0
    si:
    st_dev = 2056
    st_ino = 98436
    st_mode = 040775
    st_nlink = 2
    st_uid = 1000
    st_gid = 1000
    st_rdev = 0
    st_size = 4096
    st_blksize = 4096
    st_blocks = 8
    st_atime = 0x57015526
    st_mtime = 0x57015538
    st_ctime = 0x57015538

bb_getattr(path="/foo", statbuf=0xf7373c90)
    bb_fullpath:  rootdir = "/home/dibyendu/Desktop/Sem 6/CS 333/Lab 11/fuse-tutorial-2016-03-25/example/rootdir", path = "/foo", fpath = "/home/dibyendu/Desktop/Sem 6/CS 333/Lab 11/fuse-tutorial-2016-03-25/example/rootdir/foo"
    lstat returned 0
    si:
    st_dev = 2056
    st_ino = 95094
    st_mode = 0100664
    st_nlink = 1
    st_uid = 1000
    st_gid = 1000
    st_rdev = 0
    st_size = 147
    st_blksize = 4096
    st_blocks = 8
    st_atime = 0x5701553a
    st_mtime = 0x57015538
    st_ctime = 0x57015538

bb_open(path"/foo", fi=0xf6b72d40)
    bb_fullpath:  rootdir = "/home/dibyendu/Desktop/Sem 6/CS 333/Lab 11/fuse-tutorial-2016-03-25/example/rootdir", path = "/foo", fpath = "/home/dibyendu/Desktop/Sem 6/CS 333/Lab 11/fuse-tutorial-2016-03-25/example/rootdir/foo"
    open returned 5
    fi:
    flags = 0x00008000
    fh_old = 0x00000000
    writepage = 0
    direct_io = 0
    keep_cache = 0
    fh = 0x0000000000000005
    lock_owner = 0x0000000000000000

bb_read(path="/foo", buf=0xec000d70, size=4096, offset=0, fi=0xf6371d40)
    fi:
    flags = 0x00008000
    fh_old = 0x00000005
    writepage = 0
    direct_io = 0
    keep_cache = 0
    fh = 0x0000000000000005
    lock_owner = 0x0000000000000000
    pread returned 147

bb_fgetattr(path="/foo", statbuf=0xf5b70c60, fi=0xf5b70d40)
    fi:
    flags = 0x00000000
    fh_old = 0x00000005
    writepage = 0
    direct_io = 0
    keep_cache = 0
    fh = 0x0000000000000005
    lock_owner = 0x0000000000000000
    si:
    st_dev = 2056
    st_ino = 95094
    st_mode = 0100664
    st_nlink = 1
    st_uid = 1000
    st_gid = 1000
    st_rdev = 0
    st_size = 147
    st_blksize = 4096
    st_blocks = 8
    st_atime = 0x5701553a
    st_mtime = 0x57015538
    st_ctime = 0x57015538

bb_flush(path="/foo", fi=0xf7373d40)
    fi:
    flags = 0x00000000
    fh_old = 0x00000005
    writepage = 0
    direct_io = 0
    keep_cache = 0
    fh = 0x0000000000000005
    lock_owner = 0x83c63ca5e158f2fa

bb_release(path="/foo", fi=0xf6b72d40)
    fi:
    flags = 0x00008000
    fh_old = 0x00000005
    writepage = 0
    direct_io = 0
    keep_cache = 0
    fh = 0x0000000000000005
    lock_owner = 0x0000000000000000
    close returned 0

bb_getattr(path="/", statbuf=0xf6371c60)
    bb_fullpath:  rootdir = "/home/dibyendu/Desktop/Sem 6/CS 333/Lab 11/fuse-tutorial-2016-03-25/example/rootdir", path = "/", fpath = "/home/dibyendu/Desktop/Sem 6/CS 333/Lab 11/fuse-tutorial-2016-03-25/example/rootdir/"
    lstat returned 0
    si:
    st_dev = 2056
    st_ino = 98436
    st_mode = 040775
    st_nlink = 2
    st_uid = 1000
    st_gid = 1000
    st_rdev = 0
    st_size = 4096
    st_blksize = 4096
    st_blocks = 8
    st_atime = 0x57015538
    st_mtime = 0x57015538
    st_ctime = 0x57015538

bb_getattr(path="/foo", statbuf=0xf5b70c90)
    bb_fullpath:  rootdir = "/home/dibyendu/Desktop/Sem 6/CS 333/Lab 11/fuse-tutorial-2016-03-25/example/rootdir", path = "/foo", fpath = "/home/dibyendu/Desktop/Sem 6/CS 333/Lab 11/fuse-tutorial-2016-03-25/example/rootdir/foo"
    lstat returned 0
    si:
    st_dev = 2056
    st_ino = 95094
    st_mode = 0100664
    st_nlink = 1
    st_uid = 1000
    st_gid = 1000
    st_rdev = 0
    st_size = 147
    st_blksize = 4096
    st_blocks = 8
    st_atime = 0x5701553a
    st_mtime = 0x57015538
    st_ctime = 0x57015538

bb_getattr(path="/bogus.txt", statbuf=0xf7373c90)
    bb_fullpath:  rootdir = "/home/dibyendu/Desktop/Sem 6/CS 333/Lab 11/fuse-tutorial-2016-03-25/example/rootdir", path = "/bogus.txt", fpath = "/home/dibyendu/Desktop/Sem 6/CS 333/Lab 11/fuse-tutorial-2016-03-25/example/rootdir/bogus.txt"
    lstat returned -1
    ERROR lstat: No such file or directory
    si:
    st_dev = 0
    st_ino = 0
    st_mode = 00
    st_nlink = 0
    st_uid = 0
    st_gid = 0
    st_rdev = 0
    st_size = 0
    st_blksize = 0
    st_blocks = 0
    st_atime = 0x00000000
    st_mtime = 0x00000000
    st_ctime = 0x00000000

bb_getattr(path="/", statbuf=0xf6b72c60)
    bb_fullpath:  rootdir = "/home/dibyendu/Desktop/Sem 6/CS 333/Lab 11/fuse-tutorial-2016-03-25/example/rootdir", path = "/", fpath = "/home/dibyendu/Desktop/Sem 6/CS 333/Lab 11/fuse-tutorial-2016-03-25/example/rootdir/"
    lstat returned 0
    si:
    st_dev = 2056
    st_ino = 98436
    st_mode = 040775
    st_nlink = 2
    st_uid = 1000
    st_gid = 1000
    st_rdev = 0
    st_size = 4096
    st_blksize = 4096
    st_blocks = 8
    st_atime = 0x57015538
    st_mtime = 0x57015538
    st_ctime = 0x57015538

bb_getattr(path="/foo", statbuf=0xf6371c90)
    bb_fullpath:  rootdir = "/home/dibyendu/Desktop/Sem 6/CS 333/Lab 11/fuse-tutorial-2016-03-25/example/rootdir", path = "/foo", fpath = "/home/dibyendu/Desktop/Sem 6/CS 333/Lab 11/fuse-tutorial-2016-03-25/example/rootdir/foo"
    lstat returned 0
    si:
    st_dev = 2056
    st_ino = 95094
    st_mode = 0100664
    st_nlink = 1
    st_uid = 1000
    st_gid = 1000
    st_rdev = 0
    st_size = 147
    st_blksize = 4096
    st_blocks = 8
    st_atime = 0x5701553a
    st_mtime = 0x57015538
    st_ctime = 0x57015538

bb_getattr(path="/bogus.txt", statbuf=0xf5b70c90)
    bb_fullpath:  rootdir = "/home/dibyendu/Desktop/Sem 6/CS 333/Lab 11/fuse-tutorial-2016-03-25/example/rootdir", path = "/bogus.txt", fpath = "/home/dibyendu/Desktop/Sem 6/CS 333/Lab 11/fuse-tutorial-2016-03-25/example/rootdir/bogus.txt"
    lstat returned -1
    ERROR lstat: No such file or directory
    si:
    st_dev = 0
    st_ino = 0
    st_mode = 00
    st_nlink = 0
    st_uid = 0
    st_gid = 0
    st_rdev = 0
    st_size = 0
    st_blksize = 0
    st_blocks = 0
    st_atime = 0x00000000
    st_mtime = 0x00000000
    st_ctime = 0x00000000

bb_getattr(path="/", statbuf=0xf7373c60)
    bb_fullpath:  rootdir = "/home/dibyendu/Desktop/Sem 6/CS 333/Lab 11/fuse-tutorial-2016-03-25/example/rootdir", path = "/", fpath = "/home/dibyendu/Desktop/Sem 6/CS 333/Lab 11/fuse-tutorial-2016-03-25/example/rootdir/"
    lstat returned 0
    si:
    st_dev = 2056
    st_ino = 98436
    st_mode = 040775
    st_nlink = 2
    st_uid = 1000
    st_gid = 1000
    st_rdev = 0
    st_size = 4096
    st_blksize = 4096
    st_blocks = 8
    st_atime = 0x57015538
    st_mtime = 0x57015538
    st_ctime = 0x57015538

bb_getattr(path="/foo", statbuf=0xf6b72c90)
    bb_fullpath:  rootdir = "/home/dibyendu/Desktop/Sem 6/CS 333/Lab 11/fuse-tutorial-2016-03-25/example/rootdir", path = "/foo", fpath = "/home/dibyendu/Desktop/Sem 6/CS 333/Lab 11/fuse-tutorial-2016-03-25/example/rootdir/foo"
    lstat returned 0
    si:
    st_dev = 2056
    st_ino = 95094
    st_mode = 0100664
    st_nlink = 1
    st_uid = 1000
    st_gid = 1000
    st_rdev = 0
    st_size = 147
    st_blksize = 4096
    st_blocks = 8
    st_atime = 0x5701553a
    st_mtime = 0x57015538
    st_ctime = 0x57015538

bb_getattr(path="/bogus.txt", statbuf=0xf6371c90)
    bb_fullpath:  rootdir = "/home/dibyendu/Desktop/Sem 6/CS 333/Lab 11/fuse-tutorial-2016-03-25/example/rootdir", path = "/bogus.txt", fpath = "/home/dibyendu/Desktop/Sem 6/CS 333/Lab 11/fuse-tutorial-2016-03-25/example/rootdir/bogus.txt"
    lstat returned -1
    ERROR lstat: No such file or directory
    si:
    st_dev = 0
    st_ino = 0
    st_mode = 00
    st_nlink = 0
    st_uid = 0
    st_gid = 0
    st_rdev = 0
    st_size = 0
    st_blksize = 0
    st_blocks = 0
    st_atime = 0x00000000
    st_mtime = 0x00000000
    st_ctime = 0x00000000

bb_getattr(path="/", statbuf=0xf5b70c60)
    bb_fullpath:  rootdir = "/home/dibyendu/Desktop/Sem 6/CS 333/Lab 11/fuse-tutorial-2016-03-25/example/rootdir", path = "/", fpath = "/home/dibyendu/Desktop/Sem 6/CS 333/Lab 11/fuse-tutorial-2016-03-25/example/rootdir/"
    lstat returned 0
    si:
    st_dev = 2056
    st_ino = 98436
    st_mode = 040775
    st_nlink = 2
    st_uid = 1000
    st_gid = 1000
    st_rdev = 0
    st_size = 4096
    st_blksize = 4096
    st_blocks = 8
    st_atime = 0x57015538
    st_mtime = 0x57015538
    st_ctime = 0x57015538

bb_opendir(path="/", fi=0xf7373c80)
    bb_fullpath:  rootdir = "/home/dibyendu/Desktop/Sem 6/CS 333/Lab 11/fuse-tutorial-2016-03-25/example/rootdir", path = "/", fpath = "/home/dibyendu/Desktop/Sem 6/CS 333/Lab 11/fuse-tutorial-2016-03-25/example/rootdir/"
    opendir returned 0x0x7ff3f0000da0
    fi:
    flags = 0x00018800
    fh_old = 0x00000000
    writepage = 0
    direct_io = 0
    keep_cache = 0
    fh = 0x00007ff3f0000da0
    lock_owner = 0x0000000000000000

bb_readdir(path="/", buf=0xf0000c10, filler=0xf7f4e470, offset=0, fi=0xf6b72c80)
    readdir returned 0x0x7ff3f0000dd0
calling filler with name .
calling filler with name foo
calling filler with name ..
    fi:
    flags = 0x00000000
    fh_old = 0x7ff3f0000da0
    writepage = 0
    direct_io = 0
    keep_cache = 0
    fh = 0x00007ff3f0000da0
    lock_owner = 0x0000000000000000

bb_getattr(path="/foo", statbuf=0xf6371c90)
    bb_fullpath:  rootdir = "/home/dibyendu/Desktop/Sem 6/CS 333/Lab 11/fuse-tutorial-2016-03-25/example/rootdir", path = "/foo", fpath = "/home/dibyendu/Desktop/Sem 6/CS 333/Lab 11/fuse-tutorial-2016-03-25/example/rootdir/foo"
    lstat returned 0
    si:
    st_dev = 2056
    st_ino = 95094
    st_mode = 0100664
    st_nlink = 1
    st_uid = 1000
    st_gid = 1000
    st_rdev = 0
    st_size = 147
    st_blksize = 4096
    st_blocks = 8
    st_atime = 0x5701553a
    st_mtime = 0x57015538
    st_ctime = 0x57015538

bb_releasedir(path="/", fi=0xf7373c90)
    fi:
    flags = 0x00000000
    fh_old = 0x7ff3f0000da0
    writepage = 0
    direct_io = 0
    keep_cache = 0
    fh = 0x00007ff3f0000da0
    lock_owner = 0x0000000000000000

bb_getattr(path="/", statbuf=0xf6b72c60)
    bb_fullpath:  rootdir = "/home/dibyendu/Desktop/Sem 6/CS 333/Lab 11/fuse-tutorial-2016-03-25/example/rootdir", path = "/", fpath = "/home/dibyendu/Desktop/Sem 6/CS 333/Lab 11/fuse-tutorial-2016-03-25/example/rootdir/"
    lstat returned 0
    si:
    st_dev = 2056
    st_ino = 98436
    st_mode = 040775
    st_nlink = 2
    st_uid = 1000
    st_gid = 1000
    st_rdev = 0
    st_size = 4096
    st_blksize = 4096
    st_blocks = 8
    st_atime = 0x57015538
    st_mtime = 0x57015538
    st_ctime = 0x57015538

bb_getattr(path="/foo", statbuf=0xf6371c90)
    bb_fullpath:  rootdir = "/home/dibyendu/Desktop/Sem 6/CS 333/Lab 11/fuse-tutorial-2016-03-25/example/rootdir", path = "/foo", fpath = "/home/dibyendu/Desktop/Sem 6/CS 333/Lab 11/fuse-tutorial-2016-03-25/example/rootdir/foo"
    lstat returned 0
    si:
    st_dev = 2056
    st_ino = 95094
    st_mode = 0100664
    st_nlink = 1
    st_uid = 1000
    st_gid = 1000
    st_rdev = 0
    st_size = 147
    st_blksize = 4096
    st_blocks = 8
    st_atime = 0x5701553a
    st_mtime = 0x57015538
    st_ctime = 0x57015538

bb_open(path"/foo", fi=0xf5b70d40)
    bb_fullpath:  rootdir = "/home/dibyendu/Desktop/Sem 6/CS 333/Lab 11/fuse-tutorial-2016-03-25/example/rootdir", path = "/foo", fpath = "/home/dibyendu/Desktop/Sem 6/CS 333/Lab 11/fuse-tutorial-2016-03-25/example/rootdir/foo"
    open returned 5
    fi:
    flags = 0x00008000
    fh_old = 0x00000000
    writepage = 0
    direct_io = 0
    keep_cache = 0
    fh = 0x0000000000000005
    lock_owner = 0x0000000000000000

bb_read(path="/foo", buf=0xf0000df0, size=4096, offset=0, fi=0xf7373d40)
    fi:
    flags = 0x00008000
    fh_old = 0x00000005
    writepage = 0
    direct_io = 0
    keep_cache = 0
    fh = 0x0000000000000005
    lock_owner = 0x0000000000000000
    pread returned 147

bb_fgetattr(path="/foo", statbuf=0xf6b72c60, fi=0xf6b72d40)
    fi:
    flags = 0x00000000
    fh_old = 0x00000005
    writepage = 0
    direct_io = 0
    keep_cache = 0
    fh = 0x0000000000000005
    lock_owner = 0x0000000000000000
    si:
    st_dev = 2056
    st_ino = 95094
    st_mode = 0100664
    st_nlink = 1
    st_uid = 1000
    st_gid = 1000
    st_rdev = 0
    st_size = 147
    st_blksize = 4096
    st_blocks = 8
    st_atime = 0x5701553a
    st_mtime = 0x57015538
    st_ctime = 0x57015538

bb_flush(path="/foo", fi=0xf6371d40)
    fi:
    flags = 0x00000000
    fh_old = 0x00000005
    writepage = 0
    direct_io = 0
    keep_cache = 0
    fh = 0x0000000000000005
    lock_owner = 0xf46c949028c471cb

bb_release(path="/foo", fi=0xf5b70d40)
    fi:
    flags = 0x00008000
    fh_old = 0x00000005
    writepage = 0
    direct_io = 0
    keep_cache = 0
    fh = 0x0000000000000005
    lock_owner = 0x0000000000000000
    close returned 0

bb_getattr(path="/", statbuf=0xf7373c60)
    bb_fullpath:  rootdir = "/home/dibyendu/Desktop/Sem 6/CS 333/Lab 11/fuse-tutorial-2016-03-25/example/rootdir", path = "/", fpath = "/home/dibyendu/Desktop/Sem 6/CS 333/Lab 11/fuse-tutorial-2016-03-25/example/rootdir/"
    lstat returned 0
    si:
    st_dev = 2056
    st_ino = 98436
    st_mode = 040775
    st_nlink = 2
    st_uid = 1000
    st_gid = 1000
    st_rdev = 0
    st_size = 4096
    st_blksize = 4096
    st_blocks = 8
    st_atime = 0x57015538
    st_mtime = 0x57015538
    st_ctime = 0x57015538

bb_getattr(path="/foo", statbuf=0xf6b72c90)
    bb_fullpath:  rootdir = "/home/dibyendu/Desktop/Sem 6/CS 333/Lab 11/fuse-tutorial-2016-03-25/example/rootdir", path = "/foo", fpath = "/home/dibyendu/Desktop/Sem 6/CS 333/Lab 11/fuse-tutorial-2016-03-25/example/rootdir/foo"
    lstat returned 0
    si:
    st_dev = 2056
    st_ino = 95094
    st_mode = 0100664
    st_nlink = 1
    st_uid = 1000
    st_gid = 1000
    st_rdev = 0
    st_size = 147
    st_blksize = 4096
    st_blocks = 8
    st_atime = 0x5701553a
    st_mtime = 0x57015538
    st_ctime = 0x57015538

bb_getattr(path="/bogus.txt", statbuf=0xf6371c90)
    bb_fullpath:  rootdir = "/home/dibyendu/Desktop/Sem 6/CS 333/Lab 11/fuse-tutorial-2016-03-25/example/rootdir", path = "/bogus.txt", fpath = "/home/dibyendu/Desktop/Sem 6/CS 333/Lab 11/fuse-tutorial-2016-03-25/example/rootdir/bogus.txt"
    lstat returned -1
    ERROR lstat: No such file or directory
    si:
    st_dev = 0
    st_ino = 0
    st_mode = 00
    st_nlink = 0
    st_uid = 0
    st_gid = 0
    st_rdev = 0
    st_size = 0
    st_blksize = 0
    st_blocks = 0
    st_atime = 0x00000000
    st_mtime = 0x00000000
    st_ctime = 0x00000000

bb_getattr(path="/", statbuf=0xf5b70c60)
    bb_fullpath:  rootdir = "/home/dibyendu/Desktop/Sem 6/CS 333/Lab 11/fuse-tutorial-2016-03-25/example/rootdir", path = "/", fpath = "/home/dibyendu/Desktop/Sem 6/CS 333/Lab 11/fuse-tutorial-2016-03-25/example/rootdir/"
    lstat returned 0
    si:
    st_dev = 2056
    st_ino = 98436
    st_mode = 040775
    st_nlink = 2
    st_uid = 1000
    st_gid = 1000
    st_rdev = 0
    st_size = 4096
    st_blksize = 4096
    st_blocks = 8
    st_atime = 0x57015538
    st_mtime = 0x57015538
    st_ctime = 0x57015538

bb_getattr(path="/foo", statbuf=0xf7373c90)
    bb_fullpath:  rootdir = "/home/dibyendu/Desktop/Sem 6/CS 333/Lab 11/fuse-tutorial-2016-03-25/example/rootdir", path = "/foo", fpath = "/home/dibyendu/Desktop/Sem 6/CS 333/Lab 11/fuse-tutorial-2016-03-25/example/rootdir/foo"
    lstat returned 0
    si:
    st_dev = 2056
    st_ino = 95094
    st_mode = 0100664
    st_nlink = 1
    st_uid = 1000
    st_gid = 1000
    st_rdev = 0
    st_size = 147
    st_blksize = 4096
    st_blocks = 8
    st_atime = 0x5701553a
    st_mtime = 0x57015538
    st_ctime = 0x57015538

bb_getattr(path="/bogus.txt", statbuf=0xf6b72c90)
    bb_fullpath:  rootdir = "/home/dibyendu/Desktop/Sem 6/CS 333/Lab 11/fuse-tutorial-2016-03-25/example/rootdir", path = "/bogus.txt", fpath = "/home/dibyendu/Desktop/Sem 6/CS 333/Lab 11/fuse-tutorial-2016-03-25/example/rootdir/bogus.txt"
    lstat returned -1
    ERROR lstat: No such file or directory
    si:
    st_dev = 0
    st_ino = 0
    st_mode = 00
    st_nlink = 0
    st_uid = 0
    st_gid = 0
    st_rdev = 0
    st_size = 0
    st_blksize = 0
    st_blocks = 0
    st_atime = 0x00000000
    st_mtime = 0x00000000
    st_ctime = 0x00000000

bb_getattr(path="/", statbuf=0xf6371c60)
    bb_fullpath:  rootdir = "/home/dibyendu/Desktop/Sem 6/CS 333/Lab 11/fuse-tutorial-2016-03-25/example/rootdir", path = "/", fpath = "/home/dibyendu/Desktop/Sem 6/CS 333/Lab 11/fuse-tutorial-2016-03-25/example/rootdir/"
    lstat returned 0
    si:
    st_dev = 2056
    st_ino = 98436
    st_mode = 040775
    st_nlink = 2
    st_uid = 1000
    st_gid = 1000
    st_rdev = 0
    st_size = 4096
    st_blksize = 4096
    st_blocks = 8
    st_atime = 0x57015538
    st_mtime = 0x57015538
    st_ctime = 0x57015538

bb_getattr(path="/foo", statbuf=0xf5b70c90)
    bb_fullpath:  rootdir = "/home/dibyendu/Desktop/Sem 6/CS 333/Lab 11/fuse-tutorial-2016-03-25/example/rootdir", path = "/foo", fpath = "/home/dibyendu/Desktop/Sem 6/CS 333/Lab 11/fuse-tutorial-2016-03-25/example/rootdir/foo"
    lstat returned 0
    si:
    st_dev = 2056
    st_ino = 95094
    st_mode = 0100664
    st_nlink = 1
    st_uid = 1000
    st_gid = 1000
    st_rdev = 0
    st_size = 147
    st_blksize = 4096
    st_blocks = 8
    st_atime = 0x5701553a
    st_mtime = 0x57015538
    st_ctime = 0x57015538

bb_getattr(path="/bogus.txt", statbuf=0xf7373c90)
    bb_fullpath:  rootdir = "/home/dibyendu/Desktop/Sem 6/CS 333/Lab 11/fuse-tutorial-2016-03-25/example/rootdir", path = "/bogus.txt", fpath = "/home/dibyendu/Desktop/Sem 6/CS 333/Lab 11/fuse-tutorial-2016-03-25/example/rootdir/bogus.txt"
    lstat returned -1
    ERROR lstat: No such file or directory
    si:
    st_dev = 0
    st_ino = 0
    st_mode = 00
    st_nlink = 0
    st_uid = 0
    st_gid = 0
    st_rdev = 0
    st_size = 0
    st_blksize = 0
    st_blocks = 0
    st_atime = 0x00000000
    st_mtime = 0x00000000
    st_ctime = 0x00000000

bb_getattr(path="/", statbuf=0xf6b72c60)
    bb_fullpath:  rootdir = "/home/dibyendu/Desktop/Sem 6/CS 333/Lab 11/fuse-tutorial-2016-03-25/example/rootdir", path = "/", fpath = "/home/dibyendu/Desktop/Sem 6/CS 333/Lab 11/fuse-tutorial-2016-03-25/example/rootdir/"
    lstat returned 0
    si:
    st_dev = 2056
    st_ino = 98436
    st_mode = 040775
    st_nlink = 2
    st_uid = 1000
    st_gid = 1000
    st_rdev = 0
    st_size = 4096
    st_blksize = 4096
    st_blocks = 8
    st_atime = 0x57015538
    st_mtime = 0x57015538
    st_ctime = 0x57015538

bb_getattr(path="/foo", statbuf=0xf6371c90)
    bb_fullpath:  rootdir = "/home/dibyendu/Desktop/Sem 6/CS 333/Lab 11/fuse-tutorial-2016-03-25/example/rootdir", path = "/foo", fpath = "/home/dibyendu/Desktop/Sem 6/CS 333/Lab 11/fuse-tutorial-2016-03-25/example/rootdir/foo"
    lstat returned 0
    si:
    st_dev = 2056
    st_ino = 95094
    st_mode = 0100664
    st_nlink = 1
    st_uid = 1000
    st_gid = 1000
    st_rdev = 0
    st_size = 147
    st_blksize = 4096
    st_blocks = 8
    st_atime = 0x5701553a
    st_mtime = 0x57015538
    st_ctime = 0x57015538

bb_getattr(path="/bogus.txt", statbuf=0xf5b70c90)
    bb_fullpath:  rootdir = "/home/dibyendu/Desktop/Sem 6/CS 333/Lab 11/fuse-tutorial-2016-03-25/example/rootdir", path = "/bogus.txt", fpath = "/home/dibyendu/Desktop/Sem 6/CS 333/Lab 11/fuse-tutorial-2016-03-25/example/rootdir/bogus.txt"
    lstat returned -1
    ERROR lstat: No such file or directory
    si:
    st_dev = 0
    st_ino = 0
    st_mode = 00
    st_nlink = 0
    st_uid = 0
    st_gid = 0
    st_rdev = 0
    st_size = 0
    st_blksize = 0
    st_blocks = 0
    st_atime = 0x00000000
    st_mtime = 0x00000000
    st_ctime = 0x00000000

bb_getattr(path="/", statbuf=0xf7373c60)
    bb_fullpath:  rootdir = "/home/dibyendu/Desktop/Sem 6/CS 333/Lab 11/fuse-tutorial-2016-03-25/example/rootdir", path = "/", fpath = "/home/dibyendu/Desktop/Sem 6/CS 333/Lab 11/fuse-tutorial-2016-03-25/example/rootdir/"
    lstat returned 0
    si:
    st_dev = 2056
    st_ino = 98436
    st_mode = 040775
    st_nlink = 2
    st_uid = 1000
    st_gid = 1000
    st_rdev = 0
    st_size = 4096
    st_blksize = 4096
    st_blocks = 8
    st_atime = 0x57015538
    st_mtime = 0x57015538
    st_ctime = 0x57015538

bb_getattr(path="/.git", statbuf=0xf6b72c90)
    bb_fullpath:  rootdir = "/home/dibyendu/Desktop/Sem 6/CS 333/Lab 11/fuse-tutorial-2016-03-25/example/rootdir", path = "/.git", fpath = "/home/dibyendu/Desktop/Sem 6/CS 333/Lab 11/fuse-tutorial-2016-03-25/example/rootdir/.git"
    lstat returned -1
    ERROR lstat: No such file or directory
    si:
    st_dev = 0
    st_ino = 0
    st_mode = 00
    st_nlink = 0
    st_uid = 0
    st_gid = 0
    st_rdev = 0
    st_size = 0
    st_blksize = 0
    st_blocks = 0
    st_atime = 0x00000000
    st_mtime = 0x00000000
    st_ctime = 0x00000000

bb_getattr(path="/.git", statbuf=0xf6371c90)
    bb_fullpath:  rootdir = "/home/dibyendu/Desktop/Sem 6/CS 333/Lab 11/fuse-tutorial-2016-03-25/example/rootdir", path = "/.git", fpath = "/home/dibyendu/Desktop/Sem 6/CS 333/Lab 11/fuse-tutorial-2016-03-25/example/rootdir/.git"
    lstat returned -1
    ERROR lstat: No such file or directory
    si:
    st_dev = 0
    st_ino = 0
    st_mode = 00
    st_nlink = 0
    st_uid = 0
    st_gid = 0
    st_rdev = 0
    st_size = 0
    st_blksize = 0
    st_blocks = 0
    st_atime = 0x00000000
    st_mtime = 0x00000000
    st_ctime = 0x00000000

bb_getattr(path="/.git", statbuf=0xf5b70c90)
    bb_fullpath:  rootdir = "/home/dibyendu/Desktop/Sem 6/CS 333/Lab 11/fuse-tutorial-2016-03-25/example/rootdir", path = "/.git", fpath = "/home/dibyendu/Desktop/Sem 6/CS 333/Lab 11/fuse-tutorial-2016-03-25/example/rootdir/.git"
    lstat returned -1
    ERROR lstat: No such file or directory
    si:
    st_dev = 0
    st_ino = 0
    st_mode = 00
    st_nlink = 0
    st_uid = 0
    st_gid = 0
    st_rdev = 0
    st_size = 0
    st_blksize = 0
    st_blocks = 0
    st_atime = 0x00000000
    st_mtime = 0x00000000
    st_ctime = 0x00000000

bb_getattr(path="/.git", statbuf=0xf7373c90)
    bb_fullpath:  rootdir = "/home/dibyendu/Desktop/Sem 6/CS 333/Lab 11/fuse-tutorial-2016-03-25/example/rootdir", path = "/.git", fpath = "/home/dibyendu/Desktop/Sem 6/CS 333/Lab 11/fuse-tutorial-2016-03-25/example/rootdir/.git"
    lstat returned -1
    ERROR lstat: No such file or directory
    si:
    st_dev = 0
    st_ino = 0
    st_mode = 00
    st_nlink = 0
    st_uid = 0
    st_gid = 0
    st_rdev = 0
    st_size = 0
    st_blksize = 0
    st_blocks = 0
    st_atime = 0x00000000
    st_mtime = 0x00000000
    st_ctime = 0x00000000

bb_opendir(path="/", fi=0xf6b72c80)
    bb_fullpath:  rootdir = "/home/dibyendu/Desktop/Sem 6/CS 333/Lab 11/fuse-tutorial-2016-03-25/example/rootdir", path = "/", fpath = "/home/dibyendu/Desktop/Sem 6/CS 333/Lab 11/fuse-tutorial-2016-03-25/example/rootdir/"
    opendir returned 0x0x7ff3e8000da0
    fi:
    flags = 0x00018800
    fh_old = 0x00000000
    writepage = 0
    direct_io = 0
    keep_cache = 0
    fh = 0x00007ff3e8000da0
    lock_owner = 0x0000000000000000

bb_readdir(path="/", buf=0xe8000c10, filler=0xf7f4e470, offset=0, fi=0xf6371c80)
    readdir returned 0x0x7ff3e8000dd0
calling filler with name .
calling filler with name foo
calling filler with name ..
    fi:
    flags = 0x00000000
    fh_old = 0x7ff3e8000da0
    writepage = 0
    direct_io = 0
    keep_cache = 0
    fh = 0x00007ff3e8000da0
    lock_owner = 0x0000000000000000

bb_getattr(path="/foo", statbuf=0xf5b70c90)
    bb_fullpath:  rootdir = "/home/dibyendu/Desktop/Sem 6/CS 333/Lab 11/fuse-tutorial-2016-03-25/example/rootdir", path = "/foo", fpath = "/home/dibyendu/Desktop/Sem 6/CS 333/Lab 11/fuse-tutorial-2016-03-25/example/rootdir/foo"
    lstat returned 0
    si:
    st_dev = 2056
    st_ino = 95094
    st_mode = 0100664
    st_nlink = 1
    st_uid = 1000
    st_gid = 1000
    st_rdev = 0
    st_size = 147
    st_blksize = 4096
    st_blocks = 8
    st_atime = 0x5701553a
    st_mtime = 0x57015538
    st_ctime = 0x57015538

bb_getattr(path="/.gitignore", statbuf=0xf7373c90)
    bb_fullpath:  rootdir = "/home/dibyendu/Desktop/Sem 6/CS 333/Lab 11/fuse-tutorial-2016-03-25/example/rootdir", path = "/.gitignore", fpath = "/home/dibyendu/Desktop/Sem 6/CS 333/Lab 11/fuse-tutorial-2016-03-25/example/rootdir/.gitignore"
    lstat returned -1
    ERROR lstat: No such file or directory
    si:
    st_dev = 0
    st_ino = 0
    st_mode = 00
    st_nlink = 0
    st_uid = 0
    st_gid = 0
    st_rdev = 0
    st_size = 0
    st_blksize = 0
    st_blocks = 0
    st_atime = 0x00000000
    st_mtime = 0x00000000
    st_ctime = 0x00000000

bb_releasedir(path="/", fi=0xf6371c90)
    fi:
    flags = 0x00000000
    fh_old = 0x7ff3e8000da0
    writepage = 0
    direct_io = 0
    keep_cache = 0
    fh = 0x00007ff3e8000da0
    lock_owner = 0x0000000000000000
